This is pdfTeX, Version 3.1415926-2.5-1.40.14 (TeX Live 2013) (format=pdflatex 2013.5.30)  26 MAR 2014 17:04
entering extended mode
 restricted \write18 enabled.
 %&-line parsing enabled.
**barcast.Rnw
(./barcast.Rnw
LaTeX2e <2011/06/27>
Babel <3.9f> and hyphenation patterns for 78 languages loaded.
(/usr/local/texlive/2013/texmf-dist/tex/latex/base/article.cls
Document Class: article 2007/10/19 v1.4h Standard LaTeX document class
(/usr/local/texlive/2013/texmf-dist/tex/latex/base/size10.clo
File: size10.clo 2007/10/19 v1.4h Standard LaTeX file (size option)
)
\c@part=\count79
\c@section=\count80
\c@subsection=\count81
\c@subsubsection=\count82
\c@paragraph=\count83
\c@subparagraph=\count84
\c@figure=\count85
\c@table=\count86
\abovecaptionskip=\skip41
\belowcaptionskip=\skip42
\bibindent=\dimen102
)
(/usr/local/texlive/2013/texmf-dist/tex/latex/amsmath/amsmath.sty
Package: amsmath 2013/01/14 v2.14 AMS math features
\@mathmargin=\skip43

For additional information on amsmath, use the `?' option.
(/usr/local/texlive/2013/texmf-dist/tex/latex/amsmath/amstext.sty
Package: amstext 2000/06/29 v2.01

(/usr/local/texlive/2013/texmf-dist/tex/latex/amsmath/amsgen.sty
File: amsgen.sty 1999/11/30 v2.0
\@emptytoks=\toks14
\ex@=\dimen103
))
(/usr/local/texlive/2013/texmf-dist/tex/latex/amsmath/amsbsy.sty
Package: amsbsy 1999/11/29 v1.2d
\pmbraise@=\dimen104
)
(/usr/local/texlive/2013/texmf-dist/tex/latex/amsmath/amsopn.sty
Package: amsopn 1999/12/14 v2.01 operator names
)
\inf@bad=\count87
LaTeX Info: Redefining \frac on input line 210.
\uproot@=\count88
\leftroot@=\count89
LaTeX Info: Redefining \overline on input line 306.
\classnum@=\count90
\DOTSCASE@=\count91
LaTeX Info: Redefining \ldots on input line 378.
LaTeX Info: Redefining \dots on input line 381.
LaTeX Info: Redefining \cdots on input line 466.
\Mathstrutbox@=\box26
\strutbox@=\box27
\big@size=\dimen105
LaTeX Font Info:    Redeclaring font encoding OML on input line 566.
LaTeX Font Info:    Redeclaring font encoding OMS on input line 567.
\macc@depth=\count92
\c@MaxMatrixCols=\count93
\dotsspace@=\muskip10
\c@parentequation=\count94
\dspbrk@lvl=\count95
\tag@help=\toks15
\row@=\count96
\column@=\count97
\maxfields@=\count98
\andhelp@=\toks16
\eqnshift@=\dimen106
\alignsep@=\dimen107
\tagshift@=\dimen108
\tagwidth@=\dimen109
\totwidth@=\dimen110
\lineht@=\dimen111
\@envbody=\toks17
\multlinegap=\skip44
\multlinetaggap=\skip45
\mathdisplay@stack=\toks18
LaTeX Info: Redefining \[ on input line 2665.
LaTeX Info: Redefining \] on input line 2666.
)
(./barcast.aux)
\openout1 = `barcast.aux'.

LaTeX Font Info:    Checking defaults for OML/cmm/m/it on input line 10.
LaTeX Font Info:    ... okay on input line 10.
LaTeX Font Info:    Checking defaults for T1/cmr/m/n on input line 10.
LaTeX Font Info:    ... okay on input line 10.
LaTeX Font Info:    Checking defaults for OT1/cmr/m/n on input line 10.
LaTeX Font Info:    ... okay on input line 10.
LaTeX Font Info:    Checking defaults for OMS/cmsy/m/n on input line 10.
LaTeX Font Info:    ... okay on input line 10.
LaTeX Font Info:    Checking defaults for OMX/cmex/m/n on input line 10.
LaTeX Font Info:    ... okay on input line 10.
LaTeX Font Info:    Checking defaults for U/cmr/m/n on input line 10.
LaTeX Font Info:    ... okay on input line 10.


LaTeX Warning: No \author given.

[1

{/usr/local/texlive/2013/texmf-var/fonts/map/pdftex/updmap/pdftex.map}]
Overfull \hbox (67.3665pt too wide) in paragraph at lines 86--86
[] 
 []


Overfull \hbox (34.43668pt too wide) in paragraph at lines 109--109
[] 
 []


Overfull \hbox (63.80453pt too wide) in paragraph at lines 109--113
\OT1/cmr/m/n/10 which is MVN($[][][]\OML/cmm/m/it/10 ; [][]$\OT1/cmr/m/n/10 ) w
ith $[][] = [][]$ and $[] = \OML/cmm/m/it/10 [][] [] \OT1/cmr/m/n/10 +
 []


Overfull \hbox (111.00044pt too wide) in paragraph at lines 128--128
[] 
 []

[2]
Underfull \hbox (badness 10000) in paragraph at lines 128--135

 []


Overfull \hbox (31.72073pt too wide) in paragraph at lines 145--145
[] 
 []


Overfull \hbox (75.51146pt too wide) in paragraph at lines 164--164
[] 
 []

[3]
Overfull \hbox (28.57088pt too wide) in paragraph at lines 184--192
\OT1/cmr/m/n/10 which is MVN($[][][]\OML/cmm/m/it/10 ; [][]$\OT1/cmr/m/n/10 ) w
ith $[][] = [][]$
 []


Overfull \hbox (79.97234pt too wide) in paragraph at lines 203--203
[] 
 []

[4]
Overfull \hbox (118.06564pt too wide) in paragraph at lines 221--221
[] 
 []


Overfull \hbox (40.57607pt too wide) in paragraph at lines 221--229
\OT1/cmr/m/n/10 which is trun-cated N($[][][]\OML/cmm/m/it/10 ; [][]$\OT1/cmr/m
/n/10 ) with $[][] = [][]$
 []


Overfull \hbox (116.79916pt too wide) in paragraph at lines 243--243
[] 
 []

[5]
Overfull \hbox (19.90117pt too wide) in paragraph at lines 243--251
\OT1/cmr/m/n/10 which is IG$[]$ 
 []


Overfull \hbox (83.6825pt too wide) in paragraph at lines 267--267
[] 
 []


Overfull \hbox (100.73308pt too wide) in paragraph at lines 267--275
\OT1/cmr/m/n/10 which is IG$[]$ 
 []

[6]
Overfull \hbox (109.27855pt too wide) in paragraph at lines 290--290
[] 
 []


Overfull \hbox (97.77367pt too wide) in paragraph at lines 290--298
\OT1/cmr/m/n/10 which is IG$[]$ 
 []


Overfull \hbox (43.06621pt too wide) in paragraph at lines 307--307
[] 
 []


Underfull \hbox (badness 10000) in paragraph at lines 307--315

 []

LaTeX Font Info:    Try loading font information for OMS+cmr on input line 319.

(/usr/local/texlive/2013/texmf-dist/tex/latex/base/omscmr.fd
File: omscmr.fd 1999/05/25 v2.5h Standard LaTeX font definitions
)
LaTeX Font Info:    Font shape `OMS/cmr/m/n' in size <10> not available
(Font)              Font shape `OMS/cmsy/m/n' tried instead on input line 319.
 [7] [8]
(./barcast.aux) ) 
Here is how much of TeX's memory you used:
 888 strings out of 493315
 9988 string characters out of 6137904
 81120 words of memory out of 5000000
 4378 multiletter control sequences out of 15000+600000
 13934 words of font info for 49 fonts, out of 8000000 for 9000
 957 hyphenation exceptions out of 8191
 27i,17n,21p,1169b,197s stack positions out of 5000i,500n,10000p,200000b,80000s
</usr/local/texlive/2013/texmf-dist/fonts/type1/public/amsfont
s/cm/cmbx10.pfb></usr/local/texlive/2013/texmf-dist/fonts/type1/public/amsfonts
/cm/cmbx12.pfb></usr/local/texlive/2013/texmf-dist/fonts/type1/public/amsfonts/
cm/cmex10.pfb></usr/local/texlive/2013/texmf-dist/fonts/type1/public/amsfonts/c
mextra/cmex7.pfb></usr/local/texlive/2013/texmf-dist/fonts/type1/public/amsfont
s/cm/cmmi10.pfb></usr/local/texlive/2013/texmf-dist/fonts/type1/public/amsfonts
/cm/cmmi12.pfb></usr/local/texlive/2013/texmf-dist/fonts/type1/public/amsfonts/
cm/cmmi5.pfb></usr/local/texlive/2013/texmf-dist/fonts/type1/public/amsfonts/cm
/cmmi7.pfb></usr/local/texlive/2013/texmf-dist/fonts/type1/public/amsfonts/cm/c
mmi8.pfb></usr/local/texlive/2013/texmf-dist/fonts/type1/public/amsfonts/cm/cmm
ib10.pfb></usr/local/texlive/2013/texmf-dist/fonts/type1/public/amsfonts/cmextr
a/cmmib7.pfb></usr/local/texlive/2013/texmf-dist/fonts/type1/public/amsfonts/cm
/cmr10.pfb></usr/local/texlive/2013/texmf-dist/fonts/type1/public/amsfonts/cm/c
mr12.pfb></usr/local/texlive/2013/texmf-dist/fonts/type1/public/amsfonts/cm/cmr
17.pfb></usr/local/texlive/2013/texmf-dist/fonts/type1/public/amsfonts/cm/cmr5.
pfb></usr/local/texlive/2013/texmf-dist/fonts/type1/public/amsfonts/cm/cmr7.pfb
></usr/local/texlive/2013/texmf-dist/fonts/type1/public/amsfonts/cm/cmr8.pfb></
usr/local/texlive/2013/texmf-dist/fonts/type1/public/amsfonts/cm/cmsy10.pfb></u
sr/local/texlive/2013/texmf-dist/fonts/type1/public/amsfonts/cm/cmsy7.pfb>
Output written on barcast.pdf (8 pages, 195570 bytes).
PDF statistics:
 107 PDF objects out of 1000 (max. 8388607)
 77 compressed objects within 1 object stream
 0 named destinations out of 1000 (max. 500000)
 1 words of extra memory for PDF output out of 10000 (max. 10000000)

