sample.interval=20000
"ifelse" "mcmc" 
"which" "FUN" "lapply" "mcmc" 
"matrix" "FUN" "lapply" "mcmc" 
"FUN" "lapply" "mcmc" 
"which" "FUN" "lapply" "mcmc" 
"FUN" "lapply" "mcmc" 
"FUN" "lapply" "mcmc" 
"FUN" "lapply" "mcmc" 
"FUN" "lapply" "mcmc" 
"FUN" "lapply" "mcmc" 
"FUN" "lapply" "mcmc" 
"rbind" "FUN" "lapply" "mcmc" 
"diag" "mcmc" 
"array" "mcmc" 
"+" "mcmc" 
"t" "mcmc" 
"chol.default" "chol" "mcmc" 
"t" "chol" "mcmc" 
"t" "chol" "mcmc" 
"%*%" "chol" "mcmc" 
"as.matrix" "chol.default" "chol" "mcmc" 
"%*%" "mcmc" 
".External" "rnorm" "rMVN" "mcmc" 
"t.default" "t" "mcmc" 
"t" "mcmc" 
"t" "mcmc" 
"mcmc" 
"mcmc" 
"t" "mcmc" 
"t" "mcmc" 
"t" "mcmc" 
"t" "mcmc" 
"t" "mcmc" 
"t" "mcmc" 
"diag" "mcmc" 
"*" "mcmc" 
"t" "mcmc" 
"t" "chol" "mcmc" 
"mcmc" 
"%*%" "mcmc" 
"%*%" "chol" "mcmc" 
"%*%" "chol" "mcmc" 
"backsolve" "backsolve" "rMVN" "mcmc" 
"%*%" "mcmc" 
"%*%" "mcmc" 
"t" "mcmc" 
"rbind" "FUN" "lapply" "mcmc" 
"-" "mcmc" 
"mcmc" 
"t" "mcmc" 
"diag" "mcmc" 
"mcmc" 
"mcmc" 
"backsolve" "rMVN" "mcmc" 
"t.default" "t" "chol" "mcmc" 
"chol.default" "chol" "mcmc" 
"backsolve" "rMVN" "mcmc" 
"%*%" "mcmc" 
"%*%" "chol" "mcmc" 
"*" "chol" "mcmc" 
"%*%" "chol" "mcmc" 
"sum" "mcmc" 
"mcmc" 
"t" "mcmc" 
"rbind" "FUN" "lapply" "mcmc" 
"%*%" "mcmc" 
"t" "mcmc" 
"diag" "mcmc" 
"diag" "mcmc" 
"-" "mcmc" 
"%*%" "chol" "mcmc" 
"%*%" "chol" "mcmc" 
"%*%" "chol" "mcmc" 
"chol.default" "chol" "mcmc" 
"chol" "mcmc" 
"%*%" "chol" "mcmc" 
"as.matrix" "backsolve" "rMVN" "mcmc" 
"%*%" "mcmc" 
"FUN" "lapply" "mcmc" 
"t" "mcmc" 
"t" "mcmc" 
"-" "mcmc" 
"!=" "mcmc" 
"t" "mcmc" 
"mcmc" 
"mcmc" 
"t" "chol" "mcmc" 
"as.matrix" "backsolve" "rMVN" "mcmc" 
"%*%" "mcmc" 
"t" "chol" "mcmc" 
"t.default" "t" "mcmc" 
".External" "rnorm" "rMVN" "mcmc" 
"-" "mcmc" 
"chol.default" "chol" "mcmc" 
"%*%" "mcmc" 
"%*%" "t" "mcmc" 
"t" "mcmc" 
"mcmc" 
"mcmc" 
"mcmc" 
"is.matrix" "diag" "mcmc" 
"mcmc" 
"mcmc" 
"+" "chol" "mcmc" 
"chol" "mcmc" 
"chol.default" "chol" "mcmc" 
"%*%" "chol" "mcmc" 
"as.matrix" "backsolve" "backsolve" "rMVN" "mcmc" 
"as.matrix" "backsolve" "rMVN" "mcmc" 
"mcmc" 
"as.matrix" "backsolve" "backsolve" "rMVN" "mcmc" 
"t" "chol" "mcmc" 
"t" "mcmc" 
"t" "mcmc" 
"rbind" "FUN" "lapply" "mcmc" 
"mcmc" 
"mcmc" 
"%*%" "t" "mcmc" 
"mcmc" 
"backsolve" "rMVN" "mcmc" 
".External" "rnorm" "rMVN" "mcmc" 
"t" "mcmc" 
"mcmc" 
"%*%" "mcmc" 
"%*%" "chol" "mcmc" 
"%*%" "chol" "mcmc" 
"t.default" "t" "chol" "mcmc" 
"t.default" "t" "mcmc" 
"t" "mcmc" 
"%*%" "t" "mcmc" 
"t" "mcmc" 
"mcmc" 
"mcmc" 
"t" "mcmc" 
"-" "mcmc" 
"chol" "mcmc" 
"*" "chol" "mcmc" 
"chol.default" "chol" "mcmc" 
"mcmc" 
"mcmc" 
"%*%" "chol" "mcmc" 
"mcmc" 
"%*%" "mcmc" 
"mcmc" 
"mcmc" 
"%*%" "t" "mcmc" 
"*" "mcmc" 
"mcmc" 
"mcmc" 
"diag" "mcmc" 
"mcmc" 
"*" "chol" "mcmc" 
"t.default" "t" "chol" "mcmc" 
"%*%" "chol" "mcmc" 
"mcmc" 
"t" "chol" "mcmc" 
"%*%" "mcmc" 
"%*%" "chol" "mcmc" 
"%*%" "mcmc" 
"FUN" "lapply" "mcmc" 
"t" "mcmc" 
"t" "mcmc" 
"mcmc" 
"mcmc" 
"t" "mcmc" 
"diag" "mcmc" 
"mcmc" 
"%*%" "mcmc" 
"chol" "mcmc" 
"chol.default" "chol" "mcmc" 
"%*%" "mcmc" 
"t" "mcmc" 
"%*%" "chol" "mcmc" 
"chol" "mcmc" 
"mcmc" 
"t" "mcmc" 
"mcmc" 
"rbind" "FUN" "lapply" "mcmc" 
"mcmc" 
"mcmc" 
"diag" "mcmc" 
"mcmc" 
"%*%" "mcmc" 
"as.matrix.default" "as.matrix" "backsolve" "backsolve" "rMVN" "mcmc" 
"mcmc" 
"as.matrix" "chol.default" "chol" "mcmc" 
"%*%" "chol" "mcmc" 
"%*%" "chol" "mcmc" 
"mcmc" 
"mcmc" 
"%*%" "t" "mcmc" 
"t" "mcmc" 
"mcmc" 
"mcmc" 
"*" "mcmc" 
"diag" "mcmc" 
"*" "chol" "mcmc" 
"rnorm" "rMVN" "mcmc" 
"mcmc" 
"*" "chol" "mcmc" 
"%*%" "chol" "mcmc" 
"chol.default" "chol" "mcmc" 
"%*%" "chol" "mcmc" 
"%*%" "chol" "mcmc" 
"FUN" "lapply" "mcmc" 
"t" "mcmc" 
"t" "mcmc" 
"mcmc" 
"mcmc" 
"-" "t" "mcmc" 
"c" "diag" "mcmc" 
"mcmc" 
"mcmc" 
"mcmc" 
"mcmc" 
"mcmc" 
"mcmc" 
"chol.default" "chol" "mcmc" 
"as.matrix" "backsolve" "rMVN" "mcmc" 
"+" "chol" "mcmc" 
"t.default" "t" "mcmc" 
"%*%" "chol" "mcmc" 
"t" "chol" "mcmc" 
"mcmc" 
"lapply" "mcmc" 
"%*%" "mcmc" 
"t" "mcmc" 
"mcmc" 
"mcmc" 
"t" "mcmc" 
"diag" "mcmc" 
"mcmc" 
"rnorm" "rMVN" "mcmc" 
"as.matrix" "backsolve" "rMVN" "mcmc" 
"+" "backsolve" "rMVN" "mcmc" 
"mcmc" 
"%*%" "mcmc" 
"chol" "mcmc" 
"t" "mcmc" 
"mcmc" 
"t" "mcmc" 
"t.default" "t" "mcmc" 
"*" "rbind" "FUN" "lapply" "mcmc" 
"mcmc" 
"mcmc" 
"t.default" "t" "mcmc" 
"mcmc" 
"backsolve" "backsolve" "rMVN" "mcmc" 
"t.default" "t" "chol" "mcmc" 
"%*%" "mcmc" 
"%*%" "mcmc" 
"t" "chol" "mcmc" 
"%*%" "chol" "mcmc" 
"%*%" "mcmc" 
"mcmc" 
"mcmc" 
"%*%" "mcmc" 
"*" "rbind" "FUN" "lapply" "mcmc" 
"mcmc" 
"t" "mcmc" 
"mcmc" 
"*" "mcmc" 
"mcmc" 
"mcmc" 
"chol.default" "chol" "mcmc" 
"%*%" "mcmc" 
"backsolve" "backsolve" "rMVN" "mcmc" 
"%*%" "chol" "mcmc" 
".External" "rnorm" "rMVN" "mcmc" 
"sum" "mcmc" 
"mcmc" 
"t" "mcmc" 
"*" "rbind" "FUN" "lapply" "mcmc" 
"mcmc" 
"t" "mcmc" 
"mcmc" 
"diag" "mcmc" 
"*" "mcmc" 
"as.matrix" "backsolve" "backsolve" "rMVN" "mcmc" 
"%*%" "chol" "mcmc" 
"+" "mcmc" 
"mcmc" 
"t.default" "t" "chol" "mcmc" 
"chol.default" "chol" "mcmc" 
"+" "chol" "mcmc" 
"mcmc" 
"mcmc" 
"mcmc" 
"mcmc" 
"mcmc" 
"diag" "mcmc" 
"mcmc" 
"t" "chol" "mcmc" 
"as.matrix" "backsolve" "rMVN" "mcmc" 
"chol.default" "chol" "mcmc" 
"%*%" "mcmc" 
"%*%" "mcmc" 
"as.matrix" "backsolve" "rMVN" "mcmc" 
"as.matrix" "backsolve" "backsolve" "rMVN" "mcmc" 
"%*%" "chol" "mcmc" 
"t" "mcmc" 
"%*%" "t" "mcmc" 
"mcmc" 
"mcmc" 
"mcmc" 
"*" "mcmc" 
"diag" "mcmc" 
"-" "mcmc" 
"mcmc" 
"chol" "mcmc" 
"as.matrix" "backsolve" "backsolve" "rMVN" "mcmc" 
"+" "chol" "mcmc" 
"+" "chol" "mcmc" 
"%*%" "chol" "mcmc" 
"as.matrix" "backsolve" "rMVN" "mcmc" 
"sum" "mcmc" 
"t" "mcmc" 
"%*%" "t" "mcmc" 
"mcmc" 
"mcmc" 
"t" "mcmc" 
"diag" "mcmc" 
"mcmc" 
"%*%" "mcmc" 
"t" "mcmc" 
"t" "mcmc" 
"%*%" "mcmc" 
"chol" "mcmc" 
"chol" "mcmc" 
"t.default" "t" "chol" "mcmc" 
"chol" "mcmc" 
"%*%" "chol" "mcmc" 
"%*%" "t" "mcmc" 
"t" "mcmc" 
"t" "mcmc" 
"mcmc" 
"-" "mcmc" 
"%*%" "t" "mcmc" 
"diag" "mcmc" 
"mcmc" 
"mcmc" 
"chol" "mcmc" 
"mcmc" 
"chol.default" "chol" "mcmc" 
"%*%" "mcmc" 
"chol.default" "chol" "mcmc" 
"chol" "mcmc" 
"t" "chol" "mcmc" 
"FUN" "lapply" "mcmc" 
"mcmc" 
"t" "mcmc" 
"mcmc" 
"mcmc" 
"t" "mcmc" 
"diag" "mcmc" 
"mcmc" 
"t" "chol" "mcmc" 
"*" "chol" "mcmc" 
"t" "mcmc" 
"chol" "mcmc" 
"%*%" "chol" "mcmc" 
"%*%" "mcmc" 
"%*%" "chol" "mcmc" 
"%*%" "mcmc" 
"FUN" "lapply" "mcmc" 
"t" "mcmc" 
"mcmc" 
"mcmc" 
"mcmc" 
"%*%" "mcmc" 
"mcmc" 
"mcmc" 
"t.default" "t" "chol" "mcmc" 
"mcmc" 
"%*%" "chol" "mcmc" 
"%*%" "chol" "mcmc" 
"%*%" "mcmc" 
"backsolve" "rMVN" "mcmc" 
"%*%" "mcmc" 
"chol.default" "chol" "mcmc" 
"mcmc" 
"t" "mcmc" 
"mcmc" 
"rbind" "FUN" "lapply" "mcmc" 
"-" "mcmc" 
"t" "mcmc" 
"diag" "mcmc" 
"mcmc" 
"%*%" "mcmc" 
"ncol" "backsolve" "backsolve" "rMVN" "mcmc" 
"%*%" "chol" "mcmc" 
"%*%" "chol" "mcmc" 
"%*%" "mcmc" 
"as.matrix" "chol.default" "chol" "mcmc" 
"t" "chol" "mcmc" 
"chol" "mcmc" 
"mcmc" 
"mcmc" 
"t" "mcmc" 
"rbind" "FUN" "lapply" "mcmc" 
"mcmc" 
"t" "mcmc" 
"mcmc" 
"mcmc" 
"%*%" "chol" "mcmc" 
"as.matrix" "chol.default" "chol" "mcmc" 
"%*%" "chol" "mcmc" 
"%*%" "chol" "mcmc" 
"as.matrix" "backsolve" "rMVN" "mcmc" 
"%*%" "chol" "mcmc" 
"chol.default" "chol" "mcmc" 
"as.matrix" "backsolve" "rMVN" "mcmc" 
"*" "mcmc" 
"%*%" "mcmc" 
"%*%" "mcmc" 
"mcmc" 
"mcmc" 
"mcmc" 
"diag" "mcmc" 
"mcmc" 
"as.matrix" "backsolve" "rMVN" "mcmc" 
"backsolve" "backsolve" "rMVN" "mcmc" 
"chol" "mcmc" 
"as.matrix" "chol.default" "chol" "mcmc" 
"mcmc" 
"as.matrix" "backsolve" "backsolve" "rMVN" "mcmc" 
"t.default" "t" "chol" "mcmc" 
"t.default" "t" "chol" "mcmc" 
"mcmc" 
"mcmc" 
"t" "mcmc" 
"*" "mcmc" 
"mcmc" 
"t" "mcmc" 
"diag" "mcmc" 
"mcmc" 
"t" "mcmc" 
"mcmc" 
"%*%" "mcmc" 
"backsolve" "backsolve" "rMVN" "mcmc" 
"%*%" "chol" "mcmc" 
"%*%" "chol" "mcmc" 
"mcmc" 
"%*%" "chol" "mcmc" 
"t.default" "t" "chol" "mcmc" 
":" "lapply" "mcmc" 
"t" "mcmc" 
"t" "mcmc" 
"mcmc" 
"-" "mcmc" 
"mcmc" 
"diag" "mcmc" 
"mcmc" 
"t" "chol" "mcmc" 
"backsolve" "backsolve" "rMVN" "mcmc" 
"t" "mcmc" 
"chol.default" "chol" "mcmc" 
"chol.default" "chol" "mcmc" 
"%*%" "mcmc" 
"%*%" "chol" "mcmc" 
"backsolve" "rMVN" "mcmc" 
"FUN" "lapply" "mcmc" 
"mcmc" 
"mcmc" 
"mcmc" 
"mcmc" 
"%*%" "t" "mcmc" 
"c" "diag" "mcmc" 
"mcmc" 
"%*%" "chol" "mcmc" 
"%*%" "mcmc" 
"as.matrix" "backsolve" "rMVN" "mcmc" 
"chol" "mcmc" 
"*" "mcmc" 
"%*%" "chol" "mcmc" 
"%*%" "chol" "mcmc" 
"backsolve" "rMVN" "mcmc" 
"mcmc" 
"t" "mcmc" 
"t" "mcmc" 
"array" "as.matrix.default" "as.matrix" "backsolve" "rMVN" "mcmc" 
"%*%" "mcmc" 
"%*%" "mcmc" 
"*" "t" "mcmc" 
"diag" "mcmc" 
"mcmc" 
"t" "chol" "mcmc" 
"%*%" "mcmc" 
"%*%" "mcmc" 
"t" "mcmc" 
"t.default" "t" "chol" "mcmc" 
".External" "rnorm" "rMVN" "mcmc" 
"t" "chol" "mcmc" 
"%*%" "chol" "mcmc" 
"sum" "mcmc" 
"mcmc" 
"+" "t" "mcmc" 
"mcmc" 
"-" "mcmc" 
"t.default" "t" "mcmc" 
"mcmc" 
"diag" "mcmc" 
"mcmc" 
"chol" "mcmc" 
"ncol" "backsolve" "backsolve" "rMVN" "mcmc" 
".External" "rnorm" "rMVN" "mcmc" 
"%*%" "chol" "mcmc" 
"mcmc" 
"chol" "mcmc" 
"+" "chol" "mcmc" 
"+" "mcmc" 
"FUN" "lapply" "mcmc" 
"t" "mcmc" 
"t" "mcmc" 
"mcmc" 
"mcmc" 
"t" "mcmc" 
"mcmc" 
"-" "mcmc" 
"as.matrix" "chol.default" "chol" "mcmc" 
"as.matrix" "backsolve" "rMVN" "mcmc" 
"chol" "mcmc" 
"%*%" "chol" "mcmc" 
"%*%" "chol" "mcmc" 
"chol.default" "chol" "mcmc" 
"t" "chol" "mcmc" 
"%*%" "chol" "mcmc" 
"%*%" "mcmc" 
"mcmc" 
"t" "mcmc" 
"*" "rbind" "FUN" "lapply" "mcmc" 
"mcmc" 
"%*%" "t" "mcmc" 
"t" "mcmc" 
"mcmc" 
"mcmc" 
"t" "chol" "mcmc" 
"mcmc" 
"as.matrix" "backsolve" "rMVN" "mcmc" 
"%*%" "mcmc" 
"%*%" "chol" "mcmc" 
"*" "chol" "mcmc" 
"%*%" "chol" "mcmc" 
"mcmc" 
"mcmc" 
"t" "mcmc" 
"rbind" "FUN" "lapply" "mcmc" 
"-" "mcmc" 
"mcmc" 
"mcmc" 
"diag" "mcmc" 
"-" "mcmc" 
"chol.default" "chol" "mcmc" 
"mcmc" 
"rnorm" "rMVN" "mcmc" 
"as.matrix" "backsolve" "backsolve" "rMVN" "mcmc" 
"chol" "mcmc" 
"mcmc" 
"backsolve" "backsolve" "rMVN" "mcmc" 
"%*%" "chol" "mcmc" 
"chol.default" "chol" "mcmc" 
"t" "mcmc" 
"t" "mcmc" 
"t" "mcmc" 
"rbind" "FUN" "lapply" "mcmc" 
"-" "mcmc" 
"t" "mcmc" 
"diag" "mcmc" 
"diag" "mcmc" 
"mcmc" 
"t" "chol" "mcmc" 
"as.matrix" "backsolve" "rMVN" "mcmc" 
"%*%" "chol" "mcmc" 
"%*%" "chol" "mcmc" 
"as.matrix" "backsolve" "backsolve" "rMVN" "mcmc" 
"%*%" "mcmc" 
"%*%" "chol" "mcmc" 
"chol" "mcmc" 
"mcmc" 
"%*%" "t" "mcmc" 
"t.default" "t" "mcmc" 
"rbind" "FUN" "lapply" "mcmc" 
"mcmc" 
"t" "mcmc" 
"t" "mcmc" 
"mcmc" 
"mcmc" 
"%*%" "chol" "mcmc" 
"mcmc" 
"%*%" "chol" "mcmc" 
"chol" "mcmc" 
"%*%" "chol" "mcmc" 
"chol.default" "chol" "mcmc" 
"t" "mcmc" 
"chol.default" "chol" "mcmc" 
"FUN" "lapply" "mcmc" 
"%*%" "t" "mcmc" 
"t" "mcmc" 
"mcmc" 
"mcmc" 
"mcmc" 
"mcmc" 
"mcmc" 
"mcmc" 
"backsolve" "rMVN" "mcmc" 
"chol.default" "chol" "mcmc" 
".External" "rnorm" "rMVN" "mcmc" 
"chol" "mcmc" 
"t" "mcmc" 
"%*%" "mcmc" 
"mcmc" 
"+" "chol" "mcmc" 
"array" "as.matrix.default" "as.matrix" "backsolve" "rMVN" "mcmc" 
"%*%" "mcmc" 
"t" "mcmc" 
"mcmc" 
"mcmc" 
"*" "t" "mcmc" 
"diag" "mcmc" 
"mcmc" 
"chol.default" "chol" "mcmc" 
".External" "rnorm" "rMVN" "mcmc" 
"%*%" "chol" "mcmc" 
"%*%" "chol" "mcmc" 
"chol" "mcmc" 
"%*%" "chol" "mcmc" 
"chol" "mcmc" 
"%*%" "mcmc" 
"mcmc" 
"t" "mcmc" 
"t" "mcmc" 
"mcmc" 
"%*%" "mcmc" 
"t" "mcmc" 
"mcmc" 
"mcmc" 
"%*%" "mcmc" 
"%*%" "chol" "mcmc" 
"%*%" "chol" "mcmc" 
"t" "chol" "mcmc" 
"t" "chol" "mcmc" 
"mcmc" 
"%*%" "mcmc" 
"chol.default" "chol" "mcmc" 
"FUN" "lapply" "mcmc" 
"t" "mcmc" 
"%*%" "t" "mcmc" 
"mcmc" 
"!=" "mcmc" 
"t" "mcmc" 
"diag" "mcmc" 
"-" "mcmc" 
"as.matrix" "backsolve" "rMVN" "mcmc" 
"mcmc" 
"t" "mcmc" 
"%*%" "mcmc" 
".External" "rnorm" "rMVN" "mcmc" 
"rnorm" "rMVN" "mcmc" 
"%*%" "mcmc" 
"%*%" "chol" "mcmc" 
"mcmc" 
"t" "mcmc" 
"%*%" "t" "mcmc" 
"rbind" "FUN" "lapply" "mcmc" 
"mcmc" 
"t.default" "t" "mcmc" 
"mcmc" 
"mcmc" 
"mcmc" 
"t.default" "t" "mcmc" 
"mcmc" 
"mcmc" 
"chol.default" "chol" "mcmc" 
"mcmc" 
"+" "mcmc" 
"%*%" "chol" "mcmc" 
"mcmc" 
"mcmc" 
"t" "mcmc" 
"mcmc" 
"t.default" "t" "mcmc" 
"mcmc" 
"mcmc" 
"mcmc" 
"diag" "mcmc" 
"mcmc" 
"+" "chol" "mcmc" 
"as.matrix" "backsolve" "backsolve" "rMVN" "mcmc" 
"+" "chol" "mcmc" 
"as.matrix" "chol.default" "chol" "mcmc" 
"mcmc" 
"%*%" "chol" "mcmc" 
"%*%" "chol" "mcmc" 
"as.matrix" "backsolve" "backsolve" "rMVN" "mcmc" 
"mcmc" 
"mcmc" 
"t" "mcmc" 
"FUN" "lapply" "mcmc" 
"mcmc" 
"t" "mcmc" 
"t" "mcmc" 
"diag" "mcmc" 
"mcmc" 
"as.matrix" "chol.default" "chol" "mcmc" 
".External" "rnorm" "rMVN" "mcmc" 
"mcmc" 
"chol.default" "chol" "mcmc" 
"as.matrix" "backsolve" "rMVN" "mcmc" 
"t" "mcmc" 
"%*%" "chol" "mcmc" 
"%*%" "mcmc" 
"t" "mcmc" 
"t" "mcmc" 
"%*%" "t" "mcmc" 
"mcmc" 
"mcmc" 
"t" "mcmc" 
"diag" "mcmc" 
"mcmc" 
"mcmc" 
"rMVN" "mcmc" 
"mcmc" 
"%*%" "chol" "mcmc" 
"chol" "mcmc" 
"*" "chol" "mcmc" 
"%*%" "chol" "mcmc" 
"as.matrix" "backsolve" "backsolve" "rMVN" "mcmc" 
"mcmc" 
"t" "mcmc" 
"t" "mcmc" 
"mcmc" 
"%*%" "mcmc" 
"mcmc" 
"t.default" "t" "mcmc" 
"diag" "mcmc" 
"mcmc" 
"as.matrix.default" "as.matrix" "chol.default" "chol" "mcmc" 
"mcmc" 
"chol" "mcmc" 
"t.default" "t" "mcmc" 
"as.matrix" "backsolve" "backsolve" "rMVN" "mcmc" 
"%*%" "chol" "mcmc" 
"%*%" "chol" "mcmc" 
"%*%" "mcmc" 
"mcmc" 
"mcmc" 
"t" "mcmc" 
"rbind" "FUN" "lapply" "mcmc" 
"mcmc" 
"mcmc" 
"mcmc" 
"diag" "mcmc" 
"mcmc" 
"mcmc" 
"chol" "mcmc" 
"t" "mcmc" 
"mcmc" 
"t.default" "t" "mcmc" 
"mcmc" 
"rMVN" "mcmc" 
"%*%" "chol" "mcmc" 
"%*%" "chol" "mcmc" 
"%*%" "mcmc" 
"t" "mcmc" 
"t" "mcmc" 
"*" "rbind" "FUN" "lapply" "mcmc" 
"mcmc" 
"t" "mcmc" 
"t" "mcmc" 
"diag" "mcmc" 
"-" "mcmc" 
"t" "mcmc" 
"t" "mcmc" 
"%*%" "chol" "mcmc" 
"%*%" "chol" "mcmc" 
"chol" "mcmc" 
"%*%" "chol" "mcmc" 
"chol.default" "chol" "mcmc" 
"chol" "mcmc" 
"c" "FUN" "lapply" "mcmc" 
"mcmc" 
"t.default" "t" "mcmc" 
"mcmc" 
"mcmc" 
"mcmc" 
"t" "mcmc" 
"-" "mcmc" 
"mcmc" 
"mcmc" 
"chol.default" "chol" "mcmc" 
"as.matrix" "backsolve" "backsolve" "rMVN" "mcmc" 
"%*%" "chol" "mcmc" 
"as.matrix" "backsolve" "rMVN" "mcmc" 
"%*%" "chol" "mcmc" 
"%*%" "chol" "mcmc" 
"mcmc" 
"rMVN" "mcmc" 
"FUN" "lapply" "mcmc" 
"t" "mcmc" 
"t" "mcmc" 
"%*%" "t" "mcmc" 
"mcmc" 
"mcmc" 
"t" "mcmc" 
"t" "mcmc" 
"mcmc" 
"%*%" "mcmc" 
"rMVN" "mcmc" 
"as.matrix" "backsolve" "rMVN" "mcmc" 
"t" "chol" "mcmc" 
"t.default" "t" "mcmc" 
"%*%" "mcmc" 
"chol" "mcmc" 
"%*%" "chol" "mcmc" 
"sum" "mcmc" 
"%*%" "mcmc" 
"t" "mcmc" 
"rbind" "FUN" "lapply" "mcmc" 
"mcmc" 
"+" "t" "mcmc" 
"mcmc" 
"diag" "mcmc" 
"mcmc" 
"as.matrix" "backsolve" "rMVN" "mcmc" 
"t.default" "t" "chol" "mcmc" 
"t" "chol" "mcmc" 
"%*%" "mcmc" 
"mcmc" 
"%*%" "chol" "mcmc" 
"mcmc" 
"%*%" "mcmc" 
"FUN" "lapply" "mcmc" 
"%*%" "mcmc" 
"mcmc" 
"rbind" "FUN" "lapply" "mcmc" 
"-" "mcmc" 
"t.default" "t" "mcmc" 
"mcmc" 
"diag" "mcmc" 
"mcmc" 
"t" "chol" "mcmc" 
"chol" "mcmc" 
".External" "rnorm" "rMVN" "mcmc" 
"%*%" "chol" "mcmc" 
"backsolve" "backsolve" "rMVN" "mcmc" 
".External" "rnorm" "rMVN" "mcmc" 
"*" "chol" "mcmc" 
".External" "rnorm" "rMVN" "mcmc" 
"FUN" "lapply" "mcmc" 
"t" "mcmc" 
"t" "mcmc" 
"mcmc" 
"-" "mcmc" 
"t" "mcmc" 
"diag" "mcmc" 
"mcmc" 
"mcmc" 
"mcmc" 
"chol.default" "chol" "mcmc" 
"%*%" "mcmc" 
"%*%" "chol" "mcmc" 
"chol.default" "chol" "mcmc" 
"%*%" "chol" "mcmc" 
"chol.default" "chol" "mcmc" 
"as.matrix" "backsolve" "backsolve" "rMVN" "mcmc" 
"t" "mcmc" 
"t" "mcmc" 
"%*%" "t" "mcmc" 
"mcmc" 
"-" "mcmc" 
"t" "mcmc" 
"mcmc" 
"mcmc" 
"chol.default" "chol" "mcmc" 
"as.matrix" "chol.default" "chol" "mcmc" 
"t.default" "t" "chol" "mcmc" 
"%*%" "mcmc" 
"chol" "mcmc" 
"mcmc" 
"t" "chol" "mcmc" 
"%*%" "chol" "mcmc" 
"mcmc" 
"mcmc" 
"+" "t" "mcmc" 
"mcmc" 
"mcmc" 
"mcmc" 
"mcmc" 
"diag" "mcmc" 
"mcmc" 
"%*%" "mcmc" 
"as.matrix" "chol.default" "chol" "mcmc" 
"rMVN" "mcmc" 
"^" "mcmc" 
"t" "chol" "mcmc" 
"t.default" "t" "mcmc" 
"mcmc" 
"%*%" "mcmc" 
"*" "mcmc" 
"FUN" "lapply" "mcmc" 
"FUN" "lapply" "mcmc" 
"FUN" "lapply" "mcmc" 
"FUN" "lapply" "mcmc" 
"FUN" "lapply" "mcmc" 
"t" "mcmc" 
"t" "mcmc" 
".External" "rnorm" "rMVN" "mcmc" 
"vector" "mcmc" 
"t" "mcmc" 
"diag" "mcmc" 
"-" "mcmc" 
"backsolve" "rMVN" "mcmc" 
"mcmc" 
"chol.default" "chol" "mcmc" 
"%*%" "chol" "mcmc" 
"t" "mcmc" 
"%*%" "mcmc" 
"%*%" "chol" "mcmc" 
"%*%" "mcmc" 
"%*%" "t" "mcmc" 
"mcmc" 
"mcmc" 
"mcmc" 
"%*%" "t" "mcmc" 
"diag" "mcmc" 
"*" "mcmc" 
"as.matrix.default" "as.matrix" "backsolve" "backsolve" "rMVN" "mcmc" 
"%*%" "chol" "mcmc" 
"backsolve" "rMVN" "mcmc" 
"t" "chol" "mcmc" 
"+" "mcmc" 
"%*%" "chol" "mcmc" 
"%*%" "mcmc" 
"backsolve" "rMVN" "mcmc" 
"mcmc" 
"t" "mcmc" 
"t" "mcmc" 
"mcmc" 
"t" "mcmc" 
"t" "mcmc" 
"diag" "mcmc" 
"mcmc" 
"%*%" "chol" "mcmc" 
"*" "chol" "mcmc" 
"*" "chol" "mcmc" 
"%*%" "chol" "mcmc" 
"chol" "mcmc" 
"%*%" "chol" "mcmc" 
"t.default" "t" "chol" "mcmc" 
"mcmc" 
"t" "mcmc" 
"t" "mcmc" 
"t" "mcmc" 
"mcmc" 
"mcmc" 
"mcmc" 
"diag" "mcmc" 
"mcmc" 
"-" "mcmc" 
"backsolve" "rMVN" "mcmc" 
"as.matrix.default" "as.matrix" "chol.default" "chol" "mcmc" 
"+" "mcmc" 
"+" "chol" "mcmc" 
"%*%" "chol" "mcmc" 
"as.matrix.default" "as.matrix" "chol.default" "chol" "mcmc" 
"%*%" "mcmc" 
"%*%" "mcmc" 
"FUN" "lapply" "mcmc" 
"%*%" "t" "mcmc" 
"t" "mcmc" 
"mcmc" 
"mcmc" 
"t" "mcmc" 
"mcmc" 
"mcmc" 
"mcmc" 
"+" "mcmc" 
"chol.default" "chol" "mcmc" 
"chol" "mcmc" 
"t" "chol" "mcmc" 
"%*%" "chol" "mcmc" 
".External" "rnorm" "rMVN" "mcmc" 
"%*%" "chol" "mcmc" 
"%*%" "chol" "mcmc" 
"mcmc" 
"t" "mcmc" 
"t.default" "t" "mcmc" 
"mcmc" 
"t" "mcmc" 
"mcmc" 
"diag" "mcmc" 
"-" "mcmc" 
"backsolve" "backsolve" "rMVN" "mcmc" 
"t.default" "t" "mcmc" 
"mcmc" 
"%*%" "mcmc" 
"%*%" "chol" "mcmc" 
"t" "mcmc" 
"%*%" "chol" "mcmc" 
"FUN" "lapply" "mcmc" 
"mcmc" 
"%*%" "t" "mcmc" 
"mcmc" 
"t" "mcmc" 
"t" "mcmc" 
"mcmc" 
"mcmc" 
"as.matrix" "backsolve" "rMVN" "mcmc" 
"t" "chol" "mcmc" 
"mcmc" 
"chol" "mcmc" 
"chol" "mcmc" 
"as.matrix" "backsolve" "rMVN" "mcmc" 
"as.matrix" "chol.default" "chol" "mcmc" 
"sum" "mcmc" 
"%*%" "t" "mcmc" 
"%*%" "mcmc" 
"t" "mcmc" 
"+" "mcmc" 
"mcmc" 
"t" "mcmc" 
"diag" "mcmc" 
"diag" "mcmc" 
"mcmc" 
"as.matrix" "backsolve" "backsolve" "rMVN" "mcmc" 
"%*%" "mcmc" 
"%*%" "chol" "mcmc" 
"t" "chol" "mcmc" 
"%*%" "mcmc" 
"%*%" "chol" "mcmc" 
"backsolve" "backsolve" "rMVN" "mcmc" 
"mcmc" 
"mcmc" 
"t" "mcmc" 
"rbind" "FUN" "lapply" "mcmc" 
"mcmc" 
"mcmc" 
"diag" "mcmc" 
"+" "mcmc" 
"mcmc" 
"+" "chol" "mcmc" 
"%*%" "chol" "mcmc" 
"t" "mcmc" 
"+" "chol" "mcmc" 
"%*%" "chol" "mcmc" 
"%*%" "chol" "mcmc" 
"t" "chol" "mcmc" 
"mcmc" 
"t" "mcmc" 
"t" "mcmc" 
"mcmc" 
"mcmc" 
"%*%" "t" "mcmc" 
"mcmc" 
"mcmc" 
"chol.default" "chol" "mcmc" 
".External" "rnorm" "rMVN" "mcmc" 
"t.default" "t" "chol" "mcmc" 
"backsolve" "rMVN" "mcmc" 
"%*%" "mcmc" 
"chol" "mcmc" 
"mcmc" 
"(" "chol" "mcmc" 
"FUN" "lapply" "mcmc" 
"t" "mcmc" 
"t" "mcmc" 
"mcmc" 
"mcmc" 
"t" "mcmc" 
"/" "diag" "mcmc" 
"mcmc" 
"as.matrix.default" "as.matrix" "backsolve" "rMVN" "mcmc" 
"t.default" "t" "chol" "mcmc" 
"chol.default" "chol" "mcmc" 
"%*%" "chol" "mcmc" 
"mcmc" 
"*" "mcmc" 
"%*%" "chol" "mcmc" 
"mcmc" 
"sum" "mcmc" 
"t" "mcmc" 
"%*%" "mcmc" 
"rbind" "FUN" "lapply" "mcmc" 
"mcmc" 
"t.default" "t" "mcmc" 
"t" "mcmc" 
"diag" "mcmc" 
"mcmc" 
"rMVN" "mcmc" 
"t.default" "t" "chol" "mcmc" 
"t" "mcmc" 
"%*%" "mcmc" 
"%*%" "mcmc" 
"mcmc" 
".External" "rnorm" "rMVN" "mcmc" 
"mcmc" 
"mcmc" 
"%*%" "t" "mcmc" 
"rbind" "FUN" "lapply" "mcmc" 
"mcmc" 
"t" "mcmc" 
"diag" "mcmc" 
"mcmc" 
"t" "chol" "mcmc" 
"+" "mcmc" 
"t" "chol" "mcmc" 
"%*%" "chol" "mcmc" 
"mcmc" 
"%*%" "chol" "mcmc" 
"%*%" "mcmc" 
"t.default" "t" "mcmc" 
"mcmc" 
"t" "mcmc" 
"-" "mcmc" 
"FUN" "lapply" "mcmc" 
"mcmc" 
"mcmc" 
"diag" "mcmc" 
"mcmc" 
"mcmc" 
"t" "mcmc" 
"%*%" "chol" "mcmc" 
"%*%" "chol" "mcmc" 
"%*%" "mcmc" 
"ncol" "backsolve" "backsolve" "rMVN" "mcmc" 
"%*%" "chol" "mcmc" 
"sum" "mcmc" 
"t" "mcmc" 
"mcmc" 
"t.default" "t" "mcmc" 
"t.default" "t" "mcmc" 
"-" "mcmc" 
"mcmc" 
"%*%" "t" "mcmc" 
"diag" "mcmc" 
"mcmc" 
"backsolve" "rMVN" "mcmc" 
"mcmc" 
"%*%" "mcmc" 
"%*%" "mcmc" 
"t.default" "t" "chol" "mcmc" 
"%*%" "mcmc" 
"%*%" "mcmc" 
"chol" "mcmc" 
"mcmc" 
"mcmc" 
"%*%" "t" "mcmc" 
"*" "rbind" "FUN" "lapply" "mcmc" 
"mcmc" 
"%*%" "mcmc" 
"mcmc" 
"mcmc" 
"mcmc" 
"%*%" "mcmc" 
"t" "mcmc" 
"%*%" "chol" "mcmc" 
"%*%" "chol" "mcmc" 
"as.matrix" "backsolve" "backsolve" "rMVN" "mcmc" 
"chol.default" "chol" "mcmc" 
"+" "chol" "mcmc" 
"mcmc" 
"t" "mcmc" 
"t" "mcmc" 
"rbind" "FUN" "lapply" "mcmc" 
"%*%" "mcmc" 
"t" "mcmc" 
"mcmc" 
"diag" "mcmc" 
"mcmc" 
"t" "chol" "mcmc" 
"mcmc" 
"*" "chol" "mcmc" 
"%*%" "mcmc" 
".External" "rnorm" "rMVN" "mcmc" 
"%*%" "chol" "mcmc" 
"%*%" "chol" "mcmc" 
"%*%" "chol" "mcmc" 
"FUN" "lapply" "mcmc" 
"%*%" "t" "mcmc" 
"mcmc" 
"mcmc" 
"mcmc" 
"t" "mcmc" 
"mcmc" 
"mcmc" 
"mcmc" 
".External" "rnorm" "rMVN" "mcmc" 
"chol" "mcmc" 
"%*%" "chol" "mcmc" 
"backsolve" "rMVN" "mcmc" 
"rMVN" "mcmc" 
"%*%" "chol" "mcmc" 
"chol.default" "chol" "mcmc" 
"+" "mcmc" 
"%*%" "mcmc" 
"t" "mcmc" 
"*" "rbind" "FUN" "lapply" "mcmc" 
"mcmc" 
"mcmc" 
"%*%" "t" "mcmc" 
"mcmc" 
"mcmc" 
"backsolve" "backsolve" "rMVN" "mcmc" 
"chol.default" "chol" "mcmc" 
".External" "rnorm" "rMVN" "mcmc" 
"mcmc" 
"%*%" "mcmc" 
"+" "chol" "mcmc" 
"%*%" "mcmc" 
"chol" "mcmc" 
"FUN" "lapply" "mcmc" 
"t" "mcmc" 
"t" "mcmc" 
"FUN" "lapply" "mcmc" 
"-" "mcmc" 
"t" "mcmc" 
"mcmc" 
"diag" "mcmc" 
"mcmc" 
"mcmc" 
"%*%" "chol" "mcmc" 
"as.matrix" "backsolve" "backsolve" "rMVN" "mcmc" 
"%*%" "chol" "mcmc" 
"as.matrix.default" "as.matrix" "backsolve" "backsolve" "rMVN" "mcmc" 
"*" "chol" "mcmc" 
"%*%" "chol" "mcmc" 
"mcmc" 
"mcmc" 
"t" "mcmc" 
"mcmc" 
"mcmc" 
"t" "mcmc" 
"diag" "mcmc" 
"diag" "mcmc" 
"mcmc" 
"%*%" "mcmc" 
"%*%" "chol" "mcmc" 
"as.matrix" "backsolve" "rMVN" "mcmc" 
"t" "mcmc" 
"t" "chol" "mcmc" 
"mcmc" 
"chol" "mcmc" 
"sum" "mcmc" 
"t" "mcmc" 
"t" "mcmc" 
"mcmc" 
"rbind" "FUN" "lapply" "mcmc" 
"mcmc" 
"t" "mcmc" 
"mcmc" 
"diag" "mcmc" 
"mcmc" 
"chol" "mcmc" 
"backsolve" "backsolve" "rMVN" "mcmc" 
"chol" "mcmc" 
"backsolve" "backsolve" "rMVN" "mcmc" 
"%*%" "chol" "mcmc" 
"%*%" "chol" "mcmc" 
"mcmc" 
"*" "mcmc" 
"mcmc" 
"mcmc" 
"rbind" "FUN" "lapply" "mcmc" 
"mcmc" 
"-" "mcmc" 
"%*%" "t" "mcmc" 
"diag" "mcmc" 
"t" "mcmc" 
"mcmc" 
"t.default" "t" "mcmc" 
"%*%" "mcmc" 
"chol" "mcmc" 
"%*%" "chol" "mcmc" 
"%*%" "mcmc" 
"mcmc" 
"mcmc" 
"t" "mcmc" 
"rbind" "FUN" "lapply" "mcmc" 
"mcmc" 
"*" "mcmc" 
"t" "mcmc" 
"mcmc" 
"mcmc" 
"mcmc" 
"%*%" "chol" "mcmc" 
"backsolve" "rMVN" "mcmc" 
"backsolve" "rMVN" "mcmc" 
"%*%" "chol" "mcmc" 
"%*%" "mcmc" 
"chol" "mcmc" 
"sum" "mcmc" 
"%*%" "t" "mcmc" 
"mcmc" 
"mcmc" 
"mcmc" 
"t" "mcmc" 
"t" "mcmc" 
"is.matrix" "diag" "mcmc" 
"+" "mcmc" 
"chol.default" "chol" "mcmc" 
"chol" "mcmc" 
"as.matrix" "chol.default" "chol" "mcmc" 
"mcmc" 
"%*%" "chol" "mcmc" 
"%*%" "chol" "mcmc" 
"%*%" "chol" "mcmc" 
"FUN" "lapply" "mcmc" 
"t" "mcmc" 
"t.default" "t" "mcmc" 
"mcmc" 
"!=" "mcmc" 
"*" "t" "mcmc" 
"diag" "mcmc" 
"mcmc" 
"as.matrix" "backsolve" "backsolve" "rMVN" "mcmc" 
"chol.default" "chol" "mcmc" 
"t" "mcmc" 
"backsolve" "backsolve" "rMVN" "mcmc" 
"as.matrix" "backsolve" "rMVN" "mcmc" 
"%*%" "chol" "mcmc" 
".External" "rnorm" "rMVN" "mcmc" 
"%*%" "mcmc" 
"FUN" "lapply" "mcmc" 
"t.default" "t" "mcmc" 
"t" "mcmc" 
"mcmc" 
"mcmc" 
"t" "mcmc" 
"c" "diag" "mcmc" 
"-" "mcmc" 
"t" "mcmc" 
"chol" "mcmc" 
"%*%" "chol" "mcmc" 
"%*%" "mcmc" 
"%*%" "chol" "mcmc" 
"as.matrix.default" "as.matrix" "chol.default" "chol" "mcmc" 
"as.matrix" "backsolve" "backsolve" "rMVN" "mcmc" 
"mcmc" 
"mcmc" 
"t" "mcmc" 
"mcmc" 
"mcmc" 
"%*%" "t" "mcmc" 
"mcmc" 
"mcmc" 
"ncol" "backsolve" "rMVN" "mcmc" 
"%*%" "mcmc" 
"%*%" "chol" "mcmc" 
"as.matrix" "backsolve" "backsolve" "rMVN" "mcmc" 
"t.default" "t" "chol" "mcmc" 
"%*%" "chol" "mcmc" 
"%*%" "mcmc" 
"%*%" "chol" "mcmc" 
"%*%" "mcmc" 
"t.default" "t" "mcmc" 
"mcmc" 
"t" "mcmc" 
"t" "mcmc" 
"-" "mcmc" 
"mcmc" 
"t.default" "t" "mcmc" 
"%*%" "t" "mcmc" 
"diag" "mcmc" 
"-" "mcmc" 
"%*%" "mcmc" 
"*" "chol" "mcmc" 
"t" "chol" "mcmc" 
"mcmc" 
"%*%" "chol" "mcmc" 
"t" "chol" "mcmc" 
"%*%" "chol" "mcmc" 
"%*%" "mcmc" 
"FUN" "lapply" "mcmc" 
"mcmc" 
"t" "mcmc" 
"mcmc" 
"-" "mcmc" 
"t" "mcmc" 
"diag" "mcmc" 
"mcmc" 
"mcmc" 
"+" "chol" "mcmc" 
".External" "rnorm" "rMVN" "mcmc" 
"t.default" "t" "chol" "mcmc" 
"chol.default" "chol" "mcmc" 
"backsolve" "backsolve" "rMVN" "mcmc" 
"backsolve" "rMVN" "mcmc" 
"chol" "mcmc" 
"chol.default" "chol" "mcmc" 
"FUN" "lapply" "mcmc" 
"t" "mcmc" 
"mcmc" 
"mcmc" 
"mcmc" 
"mcmc" 
"mcmc" 
"mcmc" 
"mcmc" 
"*" "chol" "mcmc" 
".External" "rnorm" "rMVN" "mcmc" 
"chol" "mcmc" 
"%*%" "chol" "mcmc" 
"as.matrix" "backsolve" "backsolve" "rMVN" "mcmc" 
"mcmc" 
"t.default" "t" "mcmc" 
"sum" "mcmc" 
"t" "mcmc" 
"t" "mcmc" 
"rbind" "FUN" "lapply" "mcmc" 
"mcmc" 
"t" "mcmc" 
"%*%" "mcmc" 
"mcmc" 
"mcmc" 
"chol.default" "chol" "mcmc" 
"chol.default" "chol" "mcmc" 
"%*%" "chol" "mcmc" 
"%*%" "chol" "mcmc" 
"+" "chol" "mcmc" 
"as.matrix" "backsolve" "backsolve" "rMVN" "mcmc" 
"mcmc" 
"chol" "mcmc" 
"FUN" "lapply" "mcmc" 
"mcmc" 
"t" "mcmc" 
"mcmc" 
"mcmc" 
"t" "mcmc" 
"diag" "mcmc" 
"mcmc" 
"chol.default" "chol" "mcmc" 
"as.matrix" "backsolve" "rMVN" "mcmc" 
"mcmc" 
"t" "mcmc" 
"as.matrix" "chol.default" "chol" "mcmc" 
"%*%" "mcmc" 
"t.default" "t" "mcmc" 
"mcmc" 
"%*%" "mcmc" 
"t" "mcmc" 
"%*%" "mcmc" 
"*" "rbind" "FUN" "lapply" "mcmc" 
"mcmc" 
"%*%" "mcmc" 
"diag" "mcmc" 
"mcmc" 
"*" "chol" "mcmc" 
"rnorm" "rMVN" "mcmc" 
"chol.default" "chol" "mcmc" 
"mcmc" 
"chol" "mcmc" 
"%*%" "chol" "mcmc" 
"%*%" "mcmc" 
"%*%" "chol" "mcmc" 
"mcmc" 
"t" "mcmc" 
"t" "mcmc" 
"rbind" "FUN" "lapply" "mcmc" 
"mcmc" 
"t" "mcmc" 
"mcmc" 
"is.matrix" "diag" "mcmc" 
"mcmc" 
"chol" "mcmc" 
"%*%" "chol" "mcmc" 
"as.matrix" "chol.default" "chol" "mcmc" 
"chol.default" "chol" "mcmc" 
"%*%" "chol" "mcmc" 
"%*%" "mcmc" 
"as.matrix" "backsolve" "rMVN" "mcmc" 
"chol.default" "chol" "mcmc" 
"as.matrix" "backsolve" "rMVN" "mcmc" 
"as.matrix" "backsolve" "rMVN" "mcmc" 
"as.matrix" "backsolve" "rMVN" "mcmc" 
"as.matrix" "backsolve" "rMVN" "mcmc" 
"as.matrix" "backsolve" "rMVN" "mcmc" 
"mcmc" 
"t" "mcmc" 
"t" "mcmc" 
"mcmc" 
"mcmc" 
"%*%" "t" "mcmc" 
"diag" "mcmc" 
"mcmc" 
"+" "chol" "mcmc" 
"as.matrix" "backsolve" "rMVN" "mcmc" 
"%*%" "mcmc" 
"%*%" "chol" "mcmc" 
"%*%" "mcmc" 
"%*%" "chol" "mcmc" 
"%*%" "chol" "mcmc" 
"mcmc" 
"t" "mcmc" 
"+" "t" "mcmc" 
"rbind" "FUN" "lapply" "mcmc" 
"mcmc" 
"t" "mcmc" 
"mcmc" 
"mcmc" 
"%*%" "chol" "mcmc" 
"mcmc" 
"%*%" "mcmc" 
"as.matrix.default" "as.matrix" "backsolve" "rMVN" "mcmc" 
"chol.default" "chol" "mcmc" 
"chol" "mcmc" 
"%*%" "chol" "mcmc" 
"mcmc" 
"t.default" "t" "mcmc" 
"t" "mcmc" 
"*" "rbind" "FUN" "lapply" "mcmc" 
"-" "mcmc" 
"t" "mcmc" 
"mcmc" 
"mcmc" 
"backsolve" "backsolve" "rMVN" "mcmc" 
"+" "chol" "mcmc" 
"%*%" "mcmc" 
"chol" "mcmc" 
"t" "chol" "mcmc" 
"%*%" "chol" "mcmc" 
"as.matrix" "backsolve" "rMVN" "mcmc" 
"%*%" "mcmc" 
"FUN" "lapply" "mcmc" 
"mcmc" 
"t" "mcmc" 
"mcmc" 
"%*%" "mcmc" 
"t" "mcmc" 
"diag" "mcmc" 
"mcmc" 
"t" "mcmc" 
"mcmc" 
"chol" "mcmc" 
"%*%" "mcmc" 
"as.matrix" "chol.default" "chol" "mcmc" 
"%*%" "mcmc" 
"%*%" "chol" "mcmc" 
"mcmc" 
"t" "mcmc" 
"t" "mcmc" 
"rbind" "FUN" "lapply" "mcmc" 
"%*%" "mcmc" 
"t" "mcmc" 
"mcmc" 
"diag" "mcmc" 
"t.default" "t" "chol" "mcmc" 
"mcmc" 
".External" "rnorm" "rMVN" "mcmc" 
"%*%" "chol" "mcmc" 
".External" "rnorm" "rMVN" "mcmc" 
"+" "backsolve" "rMVN" "mcmc" 
"chol.default" "chol" "mcmc" 
"t" "chol" "mcmc" 
"-" "mcmc" 
"mcmc" 
"mcmc" 
"mcmc" 
"mcmc" 
"t" "mcmc" 
"diag" "mcmc" 
"-" "mcmc" 
"+" "backsolve" "rMVN" "mcmc" 
"t" "chol" "mcmc" 
"t.default" "t" "chol" "mcmc" 
"backsolve" "rMVN" "mcmc" 
"%*%" "chol" "mcmc" 
"chol" "mcmc" 
"chol.default" "chol" "mcmc" 
"as.matrix" "chol.default" "chol" "mcmc" 
"t" "mcmc" 
"t" "mcmc" 
"rbind" "FUN" "lapply" "mcmc" 
"-" "mcmc" 
"t" "mcmc" 
"t" "mcmc" 
"diag" "mcmc" 
"-" "mcmc" 
"+" "mcmc" 
".External" "rnorm" "rMVN" "mcmc" 
"*" "chol" "mcmc" 
"%*%" "mcmc" 
"%*%" "mcmc" 
"%*%" "chol" "mcmc" 
"%*%" "chol" "mcmc" 
"FUN" "lapply" "mcmc" 
"mcmc" 
"mcmc" 
"t" "mcmc" 
"mcmc" 
"t" "mcmc" 
"t" "mcmc" 
"diag" "mcmc" 
"mcmc" 
"t" "mcmc" 
"mcmc" 
"as.matrix.default" "as.matrix" "chol.default" "chol" "mcmc" 
"t.default" "t" "chol" "mcmc" 
"t.default" "t" "chol" "mcmc" 
"chol.default" "chol" "mcmc" 
"chol.default" "chol" "mcmc" 
"t.default" "t" "chol" "mcmc" 
"mcmc" 
"t" "mcmc" 
"mcmc" 
"mcmc" 
"mcmc" 
"t" "mcmc" 
"diag" "mcmc" 
"mcmc" 
"-" "mcmc" 
"t" "mcmc" 
"mcmc" 
"%*%" "chol" "mcmc" 
"%*%" "chol" "mcmc" 
"+" "mcmc" 
".External" "rnorm" "rMVN" "mcmc" 
"backsolve" "backsolve" "rMVN" "mcmc" 
"t" "mcmc" 
"t" "mcmc" 
"t" "mcmc" 
"mcmc" 
"mcmc" 
"t.default" "t" "mcmc" 
"diag" "mcmc" 
"-" "mcmc" 
"rMVN" "mcmc" 
"+" "chol" "mcmc" 
"%*%" "mcmc" 
"%*%" "chol" "mcmc" 
"t" "mcmc" 
"%*%" "chol" "mcmc" 
"%*%" "mcmc" 
"mcmc" 
"%*%" "mcmc" 
"mcmc" 
"rbind" "FUN" "lapply" "mcmc" 
"mcmc" 
"%*%" "mcmc" 
"t" "mcmc" 
"diag" "mcmc" 
"mcmc" 
"mcmc" 
"t" "mcmc" 
"t.default" "t" "chol" "mcmc" 
"%*%" "chol" "mcmc" 
"%*%" "chol" "mcmc" 
"%*%" "chol" "mcmc" 
"t" "chol" "mcmc" 
"%*%" "mcmc" 
"FUN" "lapply" "mcmc" 
"%*%" "mcmc" 
"mcmc" 
"mcmc" 
"mcmc" 
"mcmc" 
"mcmc" 
"-" "mcmc" 
"list" "mcmc" 
