line profiling: sample.interval=20000
#File 1: ~/barcast/nonSpatialBarcastWishartTakeTwo/mcmc.nonSpatialBarcast.R
#File 2: ~/barcast/nonSpatialBarcastWishartTakeTwo/script.nonSpatialBarcastWishart.R
"[.data.frame" 1#59 "[" 1#59 "mcmc" 2#87 "eval" "eval" "withVisible" "source" 
"[.data.frame" 1#59 "[" 1#59 "mcmc" 2#87 "eval" "eval" "withVisible" "source" 
"<Anonymous>" "[[.data.frame" "[[" "[.data.frame" 1#59 "[" 1#59 "mcmc" 2#87 "eval" "eval" "withVisible" "source" 
".subset2" "<Anonymous>" "[[.data.frame" "[[" "[.data.frame" 1#59 "[" 1#59 "mcmc" 2#87 "eval" "eval" "withVisible" "source" 
"as.list" "lapply" "do.call" "is.na.data.frame" "is.na" "is.na" 1#59 "mcmc" 2#87 "eval" "eval" "withVisible" "source" 
"match" "%in%" "[[.data.frame" "[[" "[.data.frame" 1#59 "[" 1#59 "mcmc" 2#87 "eval" "eval" "withVisible" "source" 
"names" "names" "[.data.frame" 1#59 "[" 1#59 "mcmc" 2#87 "eval" "eval" "withVisible" "source" 
"[.data.frame" 1#59 "[" 1#59 "mcmc" 2#87 "eval" "eval" "withVisible" "source" 
"all" "[[.data.frame" "[[" "[.data.frame" 1#59 "[" 1#59 "mcmc" 2#87 "eval" "eval" "withVisible" "source" 
"match" "%in%" "[[.data.frame" "[[" "[.data.frame" 1#59 "[" 1#59 "mcmc" 2#87 "eval" "eval" "withVisible" "source" 
"match" "%in%" "[[.data.frame" "[[" "[.data.frame" 1#59 "[" 1#59 "mcmc" 2#87 "eval" "eval" "withVisible" "source" 
"[.data.frame" 1#59 "[" 1#59 "mcmc" 2#87 "eval" "eval" "withVisible" "source" 
"is.function" "match.fun" "lapply" "do.call" "is.na.data.frame" "is.na" "is.na" 1#59 "mcmc" 2#87 "eval" "eval" "withVisible" "source" 
"do.call" "is.na.data.frame" "is.na" "is.na" 1#59 "mcmc" 2#87 "eval" "eval" "withVisible" "source" 
"<Anonymous>" "[[.data.frame" "[[" "[.data.frame" 1#59 "[" 1#59 "mcmc" 2#87 "eval" "eval" "withVisible" "source" 
"all" "[[.data.frame" "[[" "[.data.frame" 1#59 "[" 1#59 "mcmc" 2#87 "eval" "eval" "withVisible" "source" 
"[.data.frame" 1#59 "[" 1#59 "mcmc" 2#87 "eval" "eval" "withVisible" "source" 
"[[" "[.data.frame" 1#59 "[" 1#59 "mcmc" 2#87 "eval" "eval" "withVisible" "source" 
"all" "[[.data.frame" "[[" "[.data.frame" 1#59 "[" 1#59 "mcmc" 2#87 "eval" "eval" "withVisible" "source" 
"[<-.data.frame" 1#66 "[<-" 1#66 "mcmc" 2#87 "eval" "eval" "withVisible" "source" 
1#22 "FUN" "lapply" 1#75 "mcmc" 2#87 "eval" "eval" "withVisible" "source" 
"matrix" 1#108 "mcmc" 2#87 "eval" "eval" "withVisible" "source" 
"matrix" 1#108 "mcmc" 2#87 "eval" "eval" "withVisible" "source" 
"matrix" 1#108 "mcmc" 2#87 "eval" "eval" "withVisible" "source" 
"matrix" 1#108 "mcmc" 2#87 "eval" "eval" "withVisible" "source" 
"matrix" 1#108 "mcmc" 2#87 "eval" "eval" "withVisible" "source" 
"matrix" 1#108 "mcmc" 2#87 "eval" "eval" "withVisible" "source" 
"matrix" 1#108 "mcmc" 2#87 "eval" "eval" "withVisible" "source" 
"matrix" 1#108 "mcmc" 2#87 "eval" "eval" "withVisible" "source" 
"matrix" 1#108 "mcmc" 2#87 "eval" "eval" "withVisible" "source" 
"matrix" 1#108 "mcmc" 2#87 "eval" "eval" "withVisible" "source" 
"matrix" 1#108 "mcmc" 2#87 "eval" "eval" "withVisible" "source" 
"matrix" 1#108 "mcmc" 2#87 "eval" "eval" "withVisible" "source" 
"matrix" 1#108 "mcmc" 2#87 "eval" "eval" "withVisible" "source" 
"$" "FUN" "lapply" ".rs.recordTraceback" "<Anonymous>" 1#136 "mcmc" 2#87 "eval" "eval" "withVisible" "source" 
"as.name" "eval" "FUN" "lapply" "strSub" "str.default" "NextMethod" "str.data.frame" "str" "eval" "eval" "withVisible" "evalVis" "capture.output" "doTryCatch" "tryCatchOne" "tryCatchList" "tryCatch" ".rs.valueContents" "<Anonymous>" 
"stopifnot" "modifyList" "str.default" "str" "<Anonymous>" "do.call" "strSub" "str.default" "NextMethod" "str.data.frame" "str" "eval" "eval" "withVisible" "evalVis" "capture.output" "doTryCatch" "tryCatchOne" "tryCatchList" "tryCatch" ".rs.valueContents" "<Anonymous>" 
"prettyNum" "format.default" "format" "format.fun" "paste" "formObj" "cat" "str.default" "str" "<Anonymous>" "do.call" "strSub" "str.default" "NextMethod" "str.data.frame" "str" "eval" "eval" "withVisible" "evalVis" "capture.output" "doTryCatch" "tryCatchOne" "tryCatchList" "tryCatch" ".rs.valueContents" "<Anonymous>" 
"eval" "eval" "match.arg" "format.default" "format" "format.fun" "paste" "formObj" "cat" "str.default" "str" "<Anonymous>" "do.call" "strSub" "str.default" "NextMethod" "str.data.frame" "str" "eval" "eval" "withVisible" "evalVis" "capture.output" "doTryCatch" "tryCatchOne" "tryCatchList" "tryCatch" ".rs.valueContents" "<Anonymous>" 
"str" "<Anonymous>" "do.call" "strSub" "str.default" "NextMethod" "str.data.frame" "str" "eval" "eval" "withVisible" "evalVis" "capture.output" "doTryCatch" "tryCatchOne" "tryCatchList" "tryCatch" ".rs.valueContents" "<Anonymous>" 
"deparse" "mode" "capture.output" ".rs.getSignature" "doTryCatch" "tryCatchOne" "tryCatchList" "tryCatch" ".rs.valueAsString" "<Anonymous>" 
"prettyNum" "format.default" "format" "format.fun" "paste" "formObj" "cat" "str.default" "str" "<Anonymous>" "do.call" "strSub" "str.default" "NextMethod" "str.data.frame" "str" "eval" "eval" "withVisible" "evalVis" "capture.output" "doTryCatch" "tryCatchOne" "tryCatchList" "tryCatch" ".rs.valueContents" "<Anonymous>" 
"match" "%in%" "deparse" "eval" "match.arg" "format.default" "format" "format.fun" "paste" "formObj" "cat" "str.default" "str" "<Anonymous>" "do.call" "strSub" "str.default" "NextMethod" "str.data.frame" "str" "eval" "eval" "withVisible" "evalVis" "capture.output" "doTryCatch" "tryCatchOne" "tryCatchList" "tryCatch" ".rs.valueContents" "<Anonymous>" 
"paste0" "cat" "str.default" "str" "<Anonymous>" "do.call" "strSub" "str.default" "NextMethod" "str.data.frame" "str" "eval" "eval" "withVisible" "evalVis" "capture.output" "doTryCatch" "tryCatchOne" "tryCatchList" "tryCatch" ".rs.valueContents" "<Anonymous>" 
